Traceback (most recent call last):
  File "/usr/local/lib/python3.7/dist-packages/jupyter_cache/executors/utils.py", line 56, in single_nb_execution
    record_timing=False,
  File "/usr/local/lib/python3.7/dist-packages/nbclient/client.py", line 1204, in execute
    return NotebookClient(nb=nb, resources=resources, km=km, **kwargs).execute()
  File "/usr/local/lib/python3.7/dist-packages/nbclient/util.py", line 84, in wrapped
    return just_run(coro(*args, **kwargs))
  File "/usr/local/lib/python3.7/dist-packages/nbclient/util.py", line 62, in just_run
    return loop.run_until_complete(coro)
  File "/usr/lib/python3.7/asyncio/base_events.py", line 587, in run_until_complete
    return future.result()
  File "/usr/local/lib/python3.7/dist-packages/nbclient/client.py", line 664, in async_execute
    cell, index, execution_count=self.code_cells_executed + 1
  File "/usr/local/lib/python3.7/dist-packages/nbclient/client.py", line 965, in async_execute_cell
    await self._check_raise_for_error(cell, cell_index, exec_reply)
  File "/usr/local/lib/python3.7/dist-packages/nbclient/client.py", line 862, in _check_raise_for_error
    raise CellExecutionError.from_cell_and_msg(cell, exec_reply_content)
nbclient.exceptions.CellExecutionError: An error occurred while executing the following cell:
------------------
d_1_2 = measure_dissimilarity_binary_value_assymetric_distance(c_data_1_2)
d_1_3 = measure_dissimilarity_binary_value_assymetric_distance(c_data_1_2)
d_1_4 = measure_dissimilarity_binary_value_assymetric_distance(c_data_1_2)
------------------

[0;31m[0m
[0;31mZeroDivisionError[0mTraceback (most recent call last)
[0;32m<ipython-input-27-b90272173827>[0m in [0;36m<module>[0;34m[0m
[0;32m----> 1[0;31m [0md_1_2[0m [0;34m=[0m [0mmeasure_dissimilarity_binary_value_assymetric_distance[0m[0;34m([0m[0mc_data_1_2[0m[0;34m)[0m[0;34m[0m[0;34m[0m[0m
[0m[1;32m      2[0m [0md_1_3[0m [0;34m=[0m [0mmeasure_dissimilarity_binary_value_assymetric_distance[0m[0;34m([0m[0mc_data_1_2[0m[0;34m)[0m[0;34m[0m[0;34m[0m[0m
[1;32m      3[0m [0md_1_4[0m [0;34m=[0m [0mmeasure_dissimilarity_binary_value_assymetric_distance[0m[0;34m([0m[0mc_data_1_2[0m[0;34m)[0m[0;34m[0m[0;34m[0m[0m

[0;32m<ipython-input-26-2c033b9965f5>[0m in [0;36mmeasure_dissimilarity_binary_value_assymetric_distance[0;34m(contingency_value)[0m
[1;32m      1[0m [0;32mdef[0m [0mmeasure_dissimilarity_binary_value_assymetric_distance[0m[0;34m([0m[0mcontingency_value[0m[0;34m)[0m[0;34m:[0m[0;34m[0m[0;34m[0m[0m
[1;32m      2[0m [0;34m[0m[0m
[0;32m----> 3[0;31m     [0;32mreturn[0m [0;34m([0m[0mcontingency_value[0m[0;34m[[0m[0;34m"r"[0m[0;34m][0m [0;34m+[0m [0mcontingency_value[0m[0;34m[[0m[0;34m"s"[0m[0;34m][0m[0;34m)[0m [0;34m/[0m [0;34m([0m[0mcontingency_value[0m[0;34m[[0m[0;34m"q"[0m[0;34m][0m [0;34m+[0m [0mcontingency_value[0m[0;34m[[0m[0;34m"r"[0m[0;34m][0m [0;34m+[0m [0mcontingency_value[0m[0;34m[[0m[0;34m"s"[0m[0;34m][0m[0;34m)[0m[0;34m[0m[0;34m[0m[0m
[0m
[0;31mZeroDivisionError[0m: division by zero
ZeroDivisionError: division by zero

